<?xml version="1.0" encoding="UTF-8"?>
<testng-results ignored="0" total="2" passed="2" failed="0" skipped="0">
  <reporter-output>
  </reporter-output>
  <suite started-at="2025-03-08T14:40:29 WIB" name="Annotation Execution Suite" finished-at="2025-03-08T14:41:20 WIB" duration-ms="50922">
    <groups>
    </groups>
    <test started-at="2025-03-08T14:40:29 WIB" name="MyTestGroup" finished-at="2025-03-08T14:41:20 WIB" duration-ms="50922">
      <class name="automation.StandAloneTestNGImplTest2">
        <test-method is-config="true" signature="setUp()[pri:0, instance:automation.StandAloneTestNGImplTest2@2ef3eef9]" started-at="2025-03-08T14:41:05 WIB" name="setUp" finished-at="2025-03-08T14:41:13 WIB" duration-ms="7562" status="PASS">
          <reporter-output>
          </reporter-output>
        </test-method> <!-- setUp -->
        <test-method signature="createOrder(java.util.HashMap)[pri:0, instance:automation.StandAloneTestNGImplTest2@2ef3eef9]" started-at="2025-03-08T14:41:13 WIB" name="createOrder" data-provider="dataTestMapping" finished-at="2025-03-08T14:41:18 WIB" duration-ms="4680" status="PASS">
          <params>
            <param index="0">
              <value>
                <![CDATA[{password=Boyolali15, userEmail=masharul51@gmai.com, productName=ZARA COAT 3}]]>
              </value>
            </param>
          </params>
          <reporter-output>
          </reporter-output>
        </test-method> <!-- createOrder -->
        <test-method is-config="true" signature="TearDown()[pri:0, instance:automation.StandAloneTestNGImplTest2@2ef3eef9]" started-at="2025-03-08T14:41:18 WIB" name="TearDown" finished-at="2025-03-08T14:41:20 WIB" duration-ms="2257" status="PASS">
          <reporter-output>
          </reporter-output>
        </test-method> <!-- TearDown -->
      </class> <!-- automation.StandAloneTestNGImplTest2 -->
      <class name="automation.StandAloneTestNGImplTest">
        <test-method is-config="true" signature="setUp()[pri:0, instance:automation.StandAloneTestNGImplTest@29626d54]" started-at="2025-03-08T14:40:29 WIB" name="setUp" finished-at="2025-03-08T14:40:57 WIB" duration-ms="28298" status="PASS">
          <reporter-output>
          </reporter-output>
        </test-method> <!-- setUp -->
        <test-method signature="createOrder(java.util.HashMap)[pri:0, instance:automation.StandAloneTestNGImplTest@29626d54]" started-at="2025-03-08T14:40:57 WIB" name="createOrder" data-provider="dataTestMapping" finished-at="2025-03-08T14:41:03 WIB" duration-ms="5790" status="PASS">
          <params>
            <param index="0">
              <value>
                <![CDATA[{password=Boyolali15, userEmail=masharul51@gmai.com, productName=ZARA COAT 3}]]>
              </value>
            </param>
          </params>
          <reporter-output>
          </reporter-output>
        </test-method> <!-- createOrder -->
        <test-method is-config="true" signature="TearDown()[pri:0, instance:automation.StandAloneTestNGImplTest@29626d54]" started-at="2025-03-08T14:41:03 WIB" name="TearDown" finished-at="2025-03-08T14:41:05 WIB" duration-ms="2286" status="PASS">
          <reporter-output>
          </reporter-output>
        </test-method> <!-- TearDown -->
      </class> <!-- automation.StandAloneTestNGImplTest -->
    </test> <!-- MyTestGroup -->
  </suite> <!-- Annotation Execution Suite -->
</testng-results>
