<?xml version="1.0" encoding="UTF-8"?>
<testng-results ignored="0" total="1" passed="1" failed="0" skipped="0">
  <reporter-output>
  </reporter-output>
  <suite started-at="2025-03-07T21:41:51 WIB" name="Automation Execution Suite" finished-at="2025-03-07T21:42:00 WIB" duration-ms="8542">
    <groups>
    </groups>
    <test started-at="2025-03-07T21:41:51 WIB" name="MyTestGroup" finished-at="2025-03-07T21:42:00 WIB" duration-ms="8542">
      <class name="automation.StandAloneTestNGImpl">
        <test-method is-config="true" signature="setUp()[pri:0, instance:automation.StandAloneTestNGImpl@1e802ef9]" started-at="2025-03-07T21:41:51 WIB" name="setUp" finished-at="2025-03-07T21:41:55 WIB" duration-ms="4069" status="PASS">
          <reporter-output>
          </reporter-output>
        </test-method> <!-- setUp -->
        <test-method signature="createOrder(java.util.HashMap)[pri:0, instance:automation.StandAloneTestNGImpl@1e802ef9]" started-at="2025-03-07T21:41:55 WIB" name="createOrder" data-provider="dataTestMapping" finished-at="2025-03-07T21:41:59 WIB" duration-ms="4298" status="PASS">
          <params>
            <param index="0">
              <value>
                <![CDATA[{password=Boyolali15, userEmail=masharul51@gmai.com, productName=ZARA COAT 3}]]>
              </value>
            </param>
          </params>
          <reporter-output>
          </reporter-output>
        </test-method> <!-- createOrder -->
        <test-method is-config="true" signature="TearDown()[pri:0, instance:automation.StandAloneTestNGImpl@1e802ef9]" started-at="2025-03-07T21:41:59 WIB" name="TearDown" finished-at="2025-03-07T21:42:00 WIB" duration-ms="118" status="PASS">
          <reporter-output>
          </reporter-output>
        </test-method> <!-- TearDown -->
      </class> <!-- automation.StandAloneTestNGImpl -->
    </test> <!-- MyTestGroup -->
  </suite> <!-- Automation Execution Suite -->
</testng-results>
